env: load .env
env: export BRAINTREE_ENV BRAINTREE_MERCHANT_ID BRAINTREE_PUBLIC_KEY BRAINTREE_PRIVATE_KEY EXPO_PUBLIC_BRAINTREE_TOKENIZATION_KEY EXPO_PUBLIC_BRAINTREE_CSE_KEY EXPO_PUBLIC_FIREBASE_API_KEY EXPO_PUBLIC_FIREBASE_AUTH_DOMAIN EXPO_PUBLIC_FIREBASE_PROJECT_ID EXPO_PUBLIC_FIREBASE_STORAGE_BUCKET EXPO_PUBLIC_FIREBASE_MESSAGING_SENDER_ID EXPO_PUBLIC_FIREBASE_APP_ID EXPO_PUBLIC_API_URL EXPO_PUBLIC_ALLOW_UNVERIFIED_LOGIN EXPO_PUBLIC_BRAINTREE_ENV EXPO_PUBLIC_BRAINTREE_MERCHANT_ID EXPO_PUBLIC_BRAINTREE_PUBLIC_KEY EXPO_PUBLIC_BRAINTREE_PRIVATE_KEY
› Using --device 3BB3C109-5D18-4D77-8E63-254E2393212E
› Planning build
    Run script build phase '[CP-User] [Hermes] Replace Hermes for the right configuration, if needed' will be run during every build because it does not specify any outputs. To address this issue, either add output dependencies to the script phase, or configure it to run in every build by unchecking "Based on dependency analysis" in the script phase. (in target 'hermes-engine' from project 'Pods')
› Executing react-native Pods/hermes-engine » [CP-User] [Hermes] Replace Hermes for the right configuration, if needed
› Executing react-native Pods/ReactNativeDependencies » [CP-User] [RNDeps] Replace React Native Dependencies for the right configuration, if needed
› Preparing Pods/nanopb-nanopb_Privacy » ResourceBundle-nanopb_Privacy-nanopb-Info.plist
› Preparing Pods/Sentry-Sentry » ResourceBundle-Sentry-Sentry-Info.plist
› Preparing Pods/PromisesObjC-FBLPromises_Privacy » ResourceBundle-FBLPromises_Privacy-PromisesObjC-Info.plist
› Preparing Pods/GoogleUtilities-GoogleUtilities_Privacy » ResourceBundle-GoogleUtilities_Privacy-GoogleUtilities-Info.plist
› Preparing Pods/GoogleDataTransport-GoogleDataTransport_Privacy » ResourceBundle-GoogleDataTransport_Privacy-GoogleDataTransport-Info.plist
› Preparing Pods/FirebaseCoreInternal-FirebaseCoreInternal_Privacy » ResourceBundle-FirebaseCoreInternal_Privacy-FirebaseCoreInternal-Info.plist
› Preparing Pods/FirebaseCore-FirebaseCore_Privacy » ResourceBundle-FirebaseCore_Privacy-FirebaseCore-Info.plist
› Preparing Pods/FirebaseABTesting-FirebaseABTesting_Privacy » ResourceBundle-FirebaseABTesting_Privacy-FirebaseABTesting-Info.plist
› Preparing Pods/EXNotifications-ExpoNotifications_privacy » ResourceBundle-ExpoNotifications_privacy-EXNotifications-Info.plist
› Preparing Pods/ExpoFileSystem-ExpoFileSystem_privacy » ResourceBundle-ExpoFileSystem_privacy-ExpoFileSystem-Info.plist
› Preparing Pods/EXApplication-ExpoApplication_privacy » ResourceBundle-ExpoApplication_privacy-EXApplication-Info.plist
› Preparing Pods/ExpoDevice-ExpoDevice_privacy » ResourceBundle-ExpoDevice_privacy-ExpoDevice-Info.plist
› Preparing Pods/PromisesSwift-Promises_Privacy » ResourceBundle-Promises_Privacy-PromisesSwift-Info.plist
› Preparing Pods/FirebaseCoreExtension-FirebaseCoreExtension_Privacy » ResourceBundle-FirebaseCoreExtension_Privacy-FirebaseCoreExtension-Info.plist
› Preparing Pods/FirebaseInstallations-FirebaseInstallations_Privacy » ResourceBundle-FirebaseInstallations_Privacy-FirebaseInstallations-Info.plist
› Preparing expo-constants Pods/EXConstants-EXConstants » ResourceBundle-EXConstants-EXConstants-Info.plist
› Executing react-native Pods/React-Core-prebuilt » [CP-User] [RNDeps] Replace React Native Core for the right configuration, if needed
› Preparing Pods/EXConstants-ExpoConstants_privacy » ResourceBundle-ExpoConstants_privacy-EXConstants-Info.plist
› Preparing Pods/FirebaseRemoteConfig-FirebaseRemoteConfig_Privacy » ResourceBundle-FirebaseRemoteConfig_Privacy-FirebaseRemoteConfig-Info.plist
› Preparing Pods/React-Core-React-Core_privacy » ResourceBundle-React-Core_privacy-React-Core-Info.plist
› Preparing Pods/React-cxxreact-React-cxxreact_privacy » ResourceBundle-React-cxxreact_privacy-React-cxxreact-Info.plist
› Executing react-native Pods/React-RCTFBReactNativeSpec » [CP-User] [RN]Check FBReactNativeSpec
› Preparing Pods/RNCAsyncStorage-RNCAsyncStorage_resources » ResourceBundle-RNCAsyncStorage_resources-RNCAsyncStorage-Info.plist
› Preparing Pods/RNSVG-RNSVGFilters » ResourceBundle-RNSVGFilters-RNSVG-Info.plist
› Preparing Pods/react-native-maps-ReactNativeMapsPrivacy » ResourceBundle-ReactNativeMapsPrivacy-react-native-maps-Info.plist
› Executing expo-app Pods/ReactCodegen » [Expo Autolinking] Run Codegen with autolinking
› Compiling expo-app Pods/ReactCodegen » ComponentDescriptors.cpp
› Compiling expo-app Pods/ReactCodegen » EventEmitters.cpp
› Compiling expo-app Pods/ReactCodegen » EventEmitters.cpp
› Compiling expo-app Pods/ReactCodegen » Props.cpp
› Compiling expo-app Pods/ReactCodegen » EventEmitters.cpp
› Compiling expo-app Pods/ReactCodegen » ShadowNodes.cpp
› Compiling expo-app Pods/ReactCodegen » rnasyncstorageJSI-generated.cpp
› Compiling expo-app Pods/ReactCodegen » safeareacontextJSI-generated.cpp
› Compiling expo-app Pods/ReactCodegen » safeareacontext-generated.mm
› Compiling expo-app Pods/ReactCodegen » rnsvgJSI-generated.cpp
› Compiling expo-app Pods/ReactCodegen » rnsvg-generated.mm
› Compiling expo-app Pods/ReactCodegen » rnscreensJSI-generated.cpp
› Compiling expo-app Pods/ReactCodegen » rnscreens-generated.mm
› Compiling expo-app Pods/ReactCodegen » rngesturehandler_codegenJSI-generated.cpp
› Compiling expo-app Pods/ReactCodegen » rngesturehandler_codegen-generated.mm
› Compiling expo-app Pods/ReactCodegen » rnasyncstorage-generated.mm
› Compiling expo-app Pods/ReactCodegen » States.cpp
› Compiling expo-app Pods/ReactCodegen » States.cpp
› Compiling expo-app Pods/ReactCodegen » States.cpp
› Compiling expo-app Pods/ReactCodegen » States.cpp
› Compiling expo-app Pods/ReactCodegen » States.cpp
› Compiling expo-app Pods/ReactCodegen » States.cpp
› Compiling expo-app Pods/ReactCodegen » States.cpp
› Compiling expo-app Pods/ReactCodegen » ShadowNodes.cpp
› Compiling expo-app Pods/ReactCodegen » ShadowNodes.cpp
› Compiling expo-app Pods/ReactCodegen » ShadowNodes.cpp
› Compiling expo-app Pods/ReactCodegen » ShadowNodes.cpp
› Compiling expo-app Pods/ReactCodegen » ShadowNodes.cpp
› Compiling expo-app Pods/ReactCodegen » ShadowNodes.cpp
› Compiling expo-app Pods/ReactCodegen » RNSentrySpecJSI-generated.cpp
› Compiling expo-app Pods/ReactCodegen » RNSentrySpec-generated.mm
› Compiling expo-app Pods/ReactCodegen » RNDateTimePickerCGenJSI-generated.cpp
› Compiling expo-app Pods/ReactCodegen » RNDateTimePickerCGen-generated.mm
› Compiling expo-app Pods/ReactCodegen » RNCWebViewSpecJSI-generated.cpp
› Compiling expo-app Pods/ReactCodegen » RNCWebViewSpec-generated.mm
› Compiling expo-app Pods/ReactCodegen » RCTUnstableModulesRequiringMainQueueSetupProvider.mm
› Compiling expo-app Pods/ReactCodegen » RCTThirdPartyComponentsProvider.mm
› Compiling expo-app Pods/ReactCodegen » RCTModulesConformingToProtocolsProvider.mm
› Compiling expo-app Pods/ReactCodegen » RCTModuleProviders.mm
› Compiling expo-app Pods/ReactCodegen » Props.cpp
› Compiling expo-app Pods/ReactCodegen » Props.cpp
› Compiling expo-app Pods/ReactCodegen » Props.cpp
› Compiling expo-app Pods/ReactCodegen » Props.cpp
› Compiling expo-app Pods/ReactCodegen » Props.cpp
› Compiling expo-app Pods/ReactCodegen » Props.cpp
› Compiling expo-app Pods/ReactCodegen » EventEmitters.cpp
› Compiling expo-app Pods/ReactCodegen » EventEmitters.cpp
› Compiling expo-app Pods/ReactCodegen » EventEmitters.cpp
› Compiling expo-app Pods/ReactCodegen » EventEmitters.cpp
› Compiling expo-app Pods/ReactCodegen » ComponentDescriptors.cpp
› Compiling expo-app Pods/ReactCodegen » ComponentDescriptors.cpp
› Compiling expo-app Pods/ReactCodegen » ComponentDescriptors.cpp
› Compiling expo-app Pods/ReactCodegen » ComponentDescriptors.cpp
› Compiling expo-app Pods/ReactCodegen » ComponentDescriptors.cpp
› Compiling expo-app Pods/ReactCodegen » ComponentDescriptors.cpp
› Compiling expo-app Pods/ReactAppDependencyProvider » RCTAppDependencyProvider.mm
› Compiling react-native-webview Pods/react-native-webview » RNCWebView.mm
› Compiling react-native-safe-area-context Pods/react-native-safe-area-context » RNCSafeAreaContext.mm
› Compiling @sentry/react-native Pods/RNSentry » RNSentry.mm
› Compiling react-native-screens Pods/RNScreens » RNSBottomTabsHostComponentView.mm
› Compiling react-native-svg Pods/RNSVG » RNSVGCircle.mm
› Compiling react-native-gesture-handler Pods/RNGestureHandler » RNGestureHandlerButtonComponentView.mm
› Compiling @react-native-community/datetimepicker Pods/RNDateTimePicker » RNDateTimePickerComponentView.mm
› Compiling @react-native-async-storage/async-storage Pods/RNCAsyncStorage » RNCAsyncStorage.mm
› Compiling react-native-safe-area-context Pods/react-native-safe-area-context » RNCSafeAreaViewState.cpp
› Compiling react-native-safe-area-context Pods/react-native-safe-area-context » RNCSafeAreaViewShadowNode.cpp
› Compiling react-native-safe-area-context Pods/react-native-safe-area-context » RNCSafeAreaViewComponentView.mm
› Compiling react-native-safe-area-context Pods/react-native-safe-area-context » RNCSafeAreaProviderComponentView.mm
› Compiling react-native-webview Pods/react-native-webview » RNCWebViewModule.mm
› Compiling @sentry/react-native Pods/RNSentry » RNSentryVersion.m
› Compiling @sentry/react-native Pods/RNSentry » RNSentryTimeToDisplay.m
› Compiling @sentry/react-native Pods/RNSentry » RNSentryReplayUnmask.mm
› Compiling @sentry/react-native Pods/RNSentry » RNSentryReplayMask.mm
› Compiling @sentry/react-native Pods/RNSentry » RNSentryRNSScreen.m
› Compiling @sentry/react-native Pods/RNSentry » RNSentryOnDrawReporter.m
› Compiling @sentry/react-native Pods/RNSentry » RNSentryFramesTrackerListener.m
› Compiling @sentry/react-native Pods/RNSentry » RNSentryEvents.m
› Compiling @sentry/react-native Pods/RNSentry » RNSentryDependencyContainer.m
› Compiling @sentry/react-native Pods/RNSentry » RNSentry-dummy.m
› Compiling react-native-screens Pods/RNScreens » UIViewController+RNScreens.mm
› Compiling react-native-screens Pods/RNScreens » RNSTabsScreenViewController.mm
› Compiling react-native-screens Pods/RNScreens » RNSTabBarControllerDelegate.mm
› Compiling react-native-screens Pods/RNScreens » RNSTabBarController.mm
