
> expo-app@1.0.0 start
> bunx rork start -p hmr2gyljt3crd3naxg27q --tunnel

Resolving dependencies
Resolved, downloaded and extracted [2]
Saved lockfile
env: load .env
env: export BRAINTREE_ENV BRAINTREE_MERCHANT_ID BRAINTREE_PUBLIC_KEY BRAINTREE_PRIVATE_KEY EXPO_PUBLIC_BRAINTREE_TOKENIZATION_KEY EXPO_PUBLIC_BRAINTREE_CSE_KEY EXPO_PUBLIC_FIREBASE_API_KEY EXPO_PUBLIC_FIREBASE_AUTH_DOMAIN EXPO_PUBLIC_FIREBASE_PROJECT_ID EXPO_PUBLIC_FIREBASE_STORAGE_BUCKET EXPO_PUBLIC_FIREBASE_MESSAGING_SENDER_ID EXPO_PUBLIC_FIREBASE_APP_ID EXPO_PUBLIC_API_URL EXPO_PUBLIC_ALLOW_UNVERIFIED_LOGIN EXPO_PUBLIC_BRAINTREE_ENV EXPO_PUBLIC_BRAINTREE_MERCHANT_ID EXPO_PUBLIC_BRAINTREE_PUBLIC_KEY EXPO_PUBLIC_BRAINTREE_PRIVATE_KEY
Could not find a shared URI scheme for the dev client between the local /ios and /android directories. App launches (QR code, interstitial, terminal keys) may not work as expected. You can configure a custom scheme using the --scheme option, or by running npx expo prebuild to regenerate the native directories with URI schemes.
Starting project at /Users/abrahamyunes/blindado/rork-escolta-probodyguard-app
Starting Metro Bundler
Tunnel connected.
Tunnel ready.
Waiting on http://localhost:8081
Logs for your project will appear below.
Recrawled this watch 11 times, most recently because:
MustScanSubDirs UserDroppedTo resolve, please review the information on
https://facebook.github.io/watchman/docs/troubleshooting.html#recrawl
To clear this warning, run:
`watchman watch-del '/Users/abrahamyunes/blindado/rork-escolta-probodyguard-app' ; watchman watch-project '/Users/abrahamyunes/blindado/rork-escolta-probodyguard-app'`

Web node_modules/expo-router/entry.js ░░░░░░░░░░░░░░░░  0.0% (0/1)
Web node_modules/expo-router/entry.js ░░░░░░░░░░░░░░░░  1.0% (1/1)
Web node_modules/expo-router/entry.js ▓▓░░░░░░░░░░░░░░ 16.0% ( 4/10)
Web node_modules/expo-router/entry.js ▓▓▓▓░░░░░░░░░░░░ 25.0% ( 5/10)
Web node_modules/expo-router/entry.js ▓▓▓▓░░░░░░░░░░░░ 25.0% ( 6/20)
Web node_modules/expo-router/entry.js ▓▓▓▓▓▓░░░░░░░░░░ 40.5% ( 40/133)
Web node_modules/expo-router/entry.js ▓▓▓▓▓▓░░░░░░░░░░ 40.5% ( 75/269)
Web node_modules/expo-router/entry.js ▓▓▓▓▓▓░░░░░░░░░░ 40.5% (138/324)
Web node_modules/expo-router/entry.js ▓▓▓▓▓▓░░░░░░░░░░ 40.5% (154/350)
Web node_modules/expo-router/entry.js ▓▓▓▓▓▓░░░░░░░░░░ 40.5% (168/368)
Web node_modules/expo-router/entry.js ▓▓▓▓▓▓░░░░░░░░░░ 40.5% (254/434)
Web node_modules/expo-router/entry.js ▓▓▓▓▓▓░░░░░░░░░░ 40.5% (308/489)
Web node_modules/expo-router/entry.js ▓▓▓▓▓▓░░░░░░░░░░ 41.7% (331/554)
Web node_modules/expo-router/entry.js ▓▓▓▓▓▓░░░░░░░░░░ 41.7% (375/607)
Web node_modules/expo-router/entry.js ▓▓▓▓▓▓░░░░░░░░░░ 41.7% ( 375/2164)
Web node_modules/expo-router/entry.js ▓▓▓▓▓▓░░░░░░░░░░ 41.7% ( 487/2249)
Web node_modules/expo-router/entry.js ▓▓▓▓▓▓░░░░░░░░░░ 41.7% ( 595/2423)
Web node_modules/expo-router/entry.js ▓▓▓▓▓▓░░░░░░░░░░ 41.7% ( 738/2427)
Web node_modules/expo-router/entry.js ▓▓▓▓▓▓░░░░░░░░░░ 41.7% ( 804/2427)
Web node_modules/expo-router/entry.js ▓▓▓▓▓▓░░░░░░░░░░ 41.7% (1026/2432)
Web node_modules/expo-router/entry.js ▓▓▓▓▓▓░░░░░░░░░░ 41.7% (1351/2432)
Web node_modules/expo-router/entry.js ▓▓▓▓▓▓░░░░░░░░░░ 41.7% (1507/2432)
Web node_modules/expo-router/entry.js ▓▓▓▓▓▓▓▓░░░░░░░░ 52.9% (1769/2432)
Web node_modules/expo-router/entry.js ▓▓▓▓▓▓▓▓▓▓▓▓▓░░░ 83.5% (2282/2497)
Web node_modules/expo-router/entry.js ▓▓▓▓▓▓▓▓▓▓▓▓▓░░░ 86.7% (2491/2850)
Web node_modules/expo-router/entry.js ▓▓▓▓▓▓▓▓▓▓▓▓▓░░░ 86.7% (2690/2906)
Web node_modules/expo-router/entry.js ▓▓▓▓▓▓▓▓▓▓▓▓▓▓▓░ 95.0% (3002/3093)
Web node_modules/expo-router/entry.js ▓▓▓▓▓▓▓▓▓▓▓▓▓▓▓░ 99.5% (3289/3298)
Web Bundled 123059ms node_modules/expo-router/entry.js (3299 modules)
