This is the Google Pub/Sub fake.
Implementation may be incomplete or differ from the real system.
Oct 16, 2025 12:59:22 PM com.google.cloud.pubsub.testing.v1.Main main
INFO: IAM integration is disabled. IAM policy methods and ACL checks are not supported
SLF4J: Failed to load class "org.slf4j.impl.StaticLoggerBinder".
SLF4J: Defaulting to no-operation (NOP) logger implementation
SLF4J: See http://www.slf4j.org/codes.html#StaticLoggerBinder for further details.
Oct 16, 2025 12:59:22 PM com.google.cloud.pubsub.testing.v1.Main main
INFO: Server started, listening on 8085
Oct 16, 2025 12:59:23 PM io.gapi.emulators.netty.HttpVersionRoutingHandler channelRead
INFO: Detected non-HTTP/2 connection.
Oct 16, 2025 12:59:24 PM io.gapi.emulators.netty.NotFoundHandler handleRequest
INFO: Unknown request URI: /status
Oct 16, 2025 12:59:25 PM io.gapi.emulators.netty.NotFoundHandler handleRequest
INFO: Unknown request URI: /status
Oct 16, 2025 12:59:27 PM io.gapi.emulators.netty.NotFoundHandler handleRequest
INFO: Unknown request URI: /status
Oct 16, 2025 12:59:28 PM io.gapi.emulators.netty.HttpVersionRoutingHandler channelRead
INFO: Detected HTTP/2 connection.
Oct 16, 2025 12:59:29 PM io.gapi.emulators.netty.NotFoundHandler handleRequest
INFO: Unknown request URI: /status
Oct 16, 2025 12:59:31 PM io.gapi.emulators.netty.NotFoundHandler handleRequest
INFO: Unknown request URI: /status
Oct 16, 2025 12:59:34 PM io.gapi.emulators.netty.NotFoundHandler handleRequest
INFO: Unknown request URI: /status
*** shutting down gRPC server since JVM is shutting down
*** server shut down
